/software/synopsys/syn_current_64.18/auxx/gui/dv/dv_setup.tcl
/software/synopsys/syn_current_64.18/auxx/gui/syn/snpsSynProcs.tcl
/software/synopsys/syn_current_64.18/auxx/gui/syn/layout/pkgIndex.tcl
/software/synopsys/syn_current_64.18/auxx/gui/common/histogram/pkgIndex.tcl
/software/synopsys/syn_current_64.18/auxx/gui/common/misc/pkgIndex.tcl
/software/synopsys/syn_current_64.18/auxx/gui/common/view/pkgIndex.tcl
/software/synopsys/syn_current_64.18/auxx/gui/common/tiledview/pkgIndex.tcl
/software/synopsys/syn_current_64.18/auxx/gui/common/tcl-dp/pkgIndex.tcl
/software/synopsys/syn_current_64.18/auxx/gui/common/fanoutviewer/pkgIndex.tcl
/software/synopsys/syn_current_64.18/auxx/gui/common/commandform/pkgIndex.tcl
/software/synopsys/syn_current_64.18/auxx/gui/common/setup/pkgIndex.tcl
/software/synopsys/syn_current_64.18/auxx/gui/common/WindowFrameWork/pkgIndex.tcl
/software/synopsys/syn_current_64.18/auxx/gui/common/hierarchy/pkgIndex.tcl
/software/synopsys/syn_current_64.18/auxx/gui/common/profiler/pkgIndex.tcl
/software/synopsys/syn_current_64.18/auxx/gui/common/strokes/pkgIndex.tcl
/software/synopsys/syn_current_64.18/auxx/gui/common/timing/pkgIndex.tcl
/software/synopsys/syn_current_64.18/auxx/gui/common/dialogs/pkgIndex.tcl
/software/synopsys/syn_current_64.18/auxx/gui/common/regressionToolkit/pkgIndex.tcl
/software/synopsys/syn_current_64.18/auxx/gui/common/qtcl/pkgIndex.tcl
/software/synopsys/syn_current_64.18/auxx/gui/common/acg/pkgIndex.tcl
/software/synopsys/syn_current_64.18/auxx/gui/common/docBrowser/pkgIndex.tcl
/software/synopsys/syn_current_64.18/auxx/gui/common/highlight/pkgIndex.tcl
/software/synopsys/syn_current_64.18/auxx/gui/common/layout/pkgIndex.tcl
/software/synopsys/syn_current_64.18/auxx/gui/common/mrupalette/pkgIndex.tcl
/software/synopsys/syn_current_64.18/auxx/gui/common/table/pkgIndex.tcl
/software/synopsys/syn_current_64.18/auxx/gui/common/schematic/pkgIndex.tcl
/software/synopsys/syn_current_64.18/auxx/gui/common/palettegroup/pkgIndex.tcl
/software/synopsys/syn_current_64.18/auxx/gui/common/opdlg/pkgIndex.tcl
/software/synopsys/syn_current_64.18/auxx/gui/common/select/pkgIndex.tcl
/software/synopsys/syn_current_64.18/auxx/gui/common/menus/pkgIndex.tcl
/software/synopsys/syn_current_64.18/auxx/gui/common/pathinspector/pkgIndex.tcl
/software/synopsys/syn_current_64.18/auxx/gui/common/tq/pkgIndex.tcl
/software/synopsys/syn_current_64.18/auxx/gui/common/libviewer/pkgIndex.tcl
/software/synopsys/syn_current_64.18/auxx/gui/dv/pkgIndex.tcl
/software/synopsys/syn_current_64.18/auxx/syn/lib/pkgIndex.tcl
/software/synopsys/syn_current_64.18/auxx/tcllib/lib/iwidgets4.1/pkgIndex.tcl
/software/synopsys/syn_current_64.18/auxx/tcllib/snps_tcl/snpsUtils/pkgIndex.tcl
/software/synopsys/syn_current_64.18/auxx/tcllib/snps_tcl/snpsTest/pkgIndex.tcl
/software/synopsys/syn_current_64.18/auxx/tcllib/snps_tcl/snpsTclPro/pkgIndex.tcl
/software/synopsys/syn_current_64.18/auxx/tcllib/snps_tcl/pkgIndex.tcl
/software/synopsys/syn_current_64.18/auxx/tcllib/lib/tcl8.6/dde/pkgIndex.tcl
/software/synopsys/syn_current_64.18/auxx/tcllib/lib/tcl8.6/tcltest/pkgIndex.tcl
/software/synopsys/syn_current_64.18/auxx/tcllib/lib/tcl8.6/http/pkgIndex.tcl
/software/synopsys/syn_current_64.18/auxx/tcllib/lib/tcl8.6/platform/pkgIndex.tcl
/software/synopsys/syn_current_64.18/auxx/tcllib/lib/tcl8.6/opt/pkgIndex.tcl
/software/synopsys/syn_current_64.18/auxx/tcllib/lib/tcl8.6/msgcat/pkgIndex.tcl
/software/synopsys/syn_current_64.18/auxx/tcllib/lib/tcl8.6/reg/pkgIndex.tcl
/software/synopsys/syn_current_64.18/auxx/tcllib/lib/tcl8.6/http1.0/pkgIndex.tcl
/software/synopsys/syn_current_64.18/auxx/gui/common/setup/snpsCommonSetup.tcl
/software/synopsys/syn_current_64.18/auxx/gui/common/setup/snpsCustomize.tcl
/software/synopsys/syn_current_64.18/auxx/gui/common/setup/snpsProcheck.tcl
/software/synopsys/syn_current_64.18/auxx/gui/common/qtcl/.synopsys_qtcl.tcl
/software/synopsys/syn_current_64.18/auxx/gui/common/highlight/highlight.tcl
/software/synopsys/syn_current_64.18/auxx/gui/common/misc/base.tcl
/software/synopsys/syn_current_64.18/auxx/gui/common/misc/timing.tcl
/software/synopsys/syn_current_64.18/auxx/gui/common/misc/setting.tcl
/software/synopsys/syn_current_64.18/auxx/gui/common/misc/preset.tcl
/software/synopsys/syn_current_64.18/auxx/gui/common/WindowFrameWork/windowFrameWork.tcl
/software/synopsys/syn_current_64.18/auxx/gui/common/WindowFrameWork/skipBusyCursorCmdList.tcl
/software/synopsys/syn_current_64.18/auxx/gui/common/docBrowser/docBrowser.tcl
/software/synopsys/syn_current_64.18/auxx/tcllib/snps_tcl/snpsUtils/snpsUtils.tcl
/software/synopsys/syn_current_64.18/auxx/gui/common/dialogs/ObjectChooser.tcl
/software/synopsys/syn_current_64.18/auxx/gui/common/misc/DialogObjectChooser.tcl
/software/synopsys/syn_current_64.18/auxx/gui/common/dialogs/HistBinInformation.tcl
/software/synopsys/syn_current_64.18/auxx/gui/common/dialogs/HistBin1Information.tcl
/software/synopsys/syn_current_64.18/auxx/gui/common/dialogs/BinsOnlyInformation.tcl
/software/synopsys/syn_current_64.18/auxx/gui/common/dialogs/FileChooser.tcl
/software/synopsys/syn_current_64.18/auxx/gui/common/dialogs/PathPinSimpleInfo.tcl
/software/synopsys/syn_current_64.18/auxx/gui/common/dialogs/PathsBasicInfo.tcl
/software/synopsys/syn_current_64.18/auxx/gui/common/dialogs/PathsBasicSimpleInfo.tcl
/software/synopsys/syn_current_64.18/auxx/gui/common/dialogs/SlctOperationInfo.tcl
/software/synopsys/syn_current_64.18/auxx/gui/common/dialogs/ObjectListInfo.tcl
/software/synopsys/syn_current_64.18/auxx/gui/common/dialogs/FanInOutInfo.tcl
/software/synopsys/syn_current_64.18/auxx/gui/common/dialogs/NumberOfLevelsChooser.tcl
/software/synopsys/syn_current_64.18/auxx/gui/common/dialogs/WindowReuseInfo.tcl
/software/synopsys/syn_current_64.18/auxx/gui/common/dialogs/ReportOutputOptionInfo.tcl
/software/synopsys/syn_current_64.18/auxx/gui/common/setup/snpsCollections.tcl
/software/synopsys/syn_current_64.18/auxx/gui/common/dialogs/CompileLinkDesign.tcl
/software/synopsys/syn_current_64.18/auxx/gui/common/histogram/DialogEndpointSlack.tcl
/software/synopsys/syn_current_64.18/auxx/gui/common/histogram/DialogPathsSlack.tcl
/software/synopsys/syn_current_64.18/auxx/gui/common/histogram/DialogNetCapacitance.tcl
/software/synopsys/syn_current_64.18/auxx/gui/common/schematic/DialogPathSchematicFanInOut.tcl
/software/synopsys/syn_current_64.18/auxx/gui/common/schematic/DialogPathSchematicAddPaths.tcl
/home/lp19.17/Desktop/LeNet5/VHDL/LeNet5/synt/synt.scr
/home/lp19.17/Desktop/LeNet5/VHDL/LeNet5/synt/variables.scr
/home/lp19.17/Desktop/LeNet5/VHDL/LeNet5/src/VHDL_Packages/Conv_pkg.vhd
/home/lp19.17/Desktop/LeNet5/VHDL/LeNet5/src/VHDL_Packages/FC_pkg.vhd
/home/lp19.17/Desktop/LeNet5/VHDL/LeNet5/src/VHDL_Common/clock_gating.vhd
/home/lp19.17/Desktop/LeNet5/VHDL/LeNet5/src/VHDL_Common/comparator.vhd
/home/lp19.17/Desktop/LeNet5/VHDL/LeNet5/src/VHDL_Common/Counter_N_FC.vhd
/home/lp19.17/Desktop/LeNet5/VHDL/LeNet5/src/VHDL_Common/Counter_N.vhd
/home/lp19.17/Desktop/LeNet5/VHDL/LeNet5/src/VHDL_Common/CU_TOT.vhd
/home/lp19.17/Desktop/LeNet5/VHDL/LeNet5/src/VHDL_Common/Input_registers.vhd
/home/lp19.17/Desktop/LeNet5/VHDL/LeNet5/src/VHDL_Common/Intermediate_Registers_1.vhd
/home/lp19.17/Desktop/LeNet5/VHDL/LeNet5/src/VHDL_Common/Intermediate_Registers_2.vhd
/home/lp19.17/Desktop/LeNet5/VHDL/LeNet5/src/VHDL_Common/latch_nbit.vhd
/home/lp19.17/Desktop/LeNet5/VHDL/LeNet5/src/VHDL_Common/latch_n.vhd
/home/lp19.17/Desktop/LeNet5/VHDL/LeNet5/src/VHDL_Common/LeNet5_top.vhd
/home/lp19.17/Desktop/LeNet5/VHDL/LeNet5/src/VHDL_Common/mac_block.vhd
/home/lp19.17/Desktop/LeNet5/VHDL/LeNet5/src/VHDL_Common/mux25to1_nbit.vhd
/home/lp19.17/Desktop/LeNet5/VHDL/LeNet5/src/VHDL_Common/mux2to1_nbit.vhd
/home/lp19.17/Desktop/LeNet5/VHDL/LeNet5/src/VHDL_Common/mux2to1.vhd
/home/lp19.17/Desktop/LeNet5/VHDL/LeNet5/src/VHDL_Common/mux4to1_bit.vhd
/home/lp19.17/Desktop/LeNet5/VHDL/LeNet5/src/VHDL_Common/mux4to1_nbit.vhd
/home/lp19.17/Desktop/LeNet5/VHDL/LeNet5/src/VHDL_Common/mux5to1_1bit.vhd
/home/lp19.17/Desktop/LeNet5/VHDL/LeNet5/src/VHDL_Common/mux5to1_nbit.vhd
/home/lp19.17/Desktop/LeNet5/VHDL/LeNet5/src/VHDL_Common/muxMto1_nbit.vhd
/home/lp19.17/Desktop/LeNet5/VHDL/LeNet5/src/VHDL_Common/Output_registers.vhd
/home/lp19.17/Desktop/LeNet5/VHDL/LeNet5/src/VHDL_Common/register_1bit.vhd
/home/lp19.17/Desktop/LeNet5/VHDL/LeNet5/src/VHDL_Common/register_nbit.vhd
/home/lp19.17/Desktop/LeNet5/VHDL/LeNet5/src/VHDL_Common/relu.vhd
/home/lp19.17/Desktop/LeNet5/VHDL/LeNet5/src/VHDL_Common/saturation.vhd
/home/lp19.17/Desktop/LeNet5/VHDL/LeNet5/src/VHDL_Conv1/CONV1_top.vhd
/home/lp19.17/Desktop/LeNet5/VHDL/LeNet5/src/VHDL_Conv1/Conv1_with_CU.vhd
/home/lp19.17/Desktop/LeNet5/VHDL/LeNet5/src/VHDL_Conv1/Conv_layer_1.vhd
/home/lp19.17/Desktop/LeNet5/VHDL/LeNet5/src/VHDL_Conv1/Counter_14_c.vhd
/home/lp19.17/Desktop/LeNet5/VHDL/LeNet5/src/VHDL_Conv1/CU_conv1.vhd
/home/lp19.17/Desktop/LeNet5/VHDL/LeNet5/src/VHDL_Conv1/flipflop.vhd
/home/lp19.17/Desktop/LeNet5/VHDL/LeNet5/src/VHDL_Conv1/full_adder.vhd
/home/lp19.17/Desktop/LeNet5/VHDL/LeNet5/src/VHDL_Conv1/max_pooling.vhd
/home/lp19.17/Desktop/LeNet5/VHDL/LeNet5/src/VHDL_Conv1/precomputation_conv.vhd
/home/lp19.17/Desktop/LeNet5/VHDL/LeNet5/src/VHDL_Conv1/relu_conv.vhd
/home/lp19.17/Desktop/LeNet5/VHDL/LeNet5/src/VHDL_Conv1/shift_reg_32x8bit_mux.vhd
/home/lp19.17/Desktop/LeNet5/VHDL/LeNet5/src/VHDL_Conv1/shift_reg_5x32x8bit_4out.vhd
/home/lp19.17/Desktop/LeNet5/VHDL/LeNet5/src/VHDL_Conv2/CONV2_top.vhd
/home/lp19.17/Desktop/LeNet5/VHDL/LeNet5/src/VHDL_Conv2/conv2_with_CU.vhd
/home/lp19.17/Desktop/LeNet5/VHDL/LeNet5/src/VHDL_Conv2/Conv_layer3.vhd
/home/lp19.17/Desktop/LeNet5/VHDL/LeNet5/src/VHDL_Conv2/counter.vhd
/home/lp19.17/Desktop/LeNet5/VHDL/LeNet5/src/VHDL_Conv2/CU_conv2.vhd
/home/lp19.17/Desktop/LeNet5/VHDL/LeNet5/src/VHDL_Conv2/flipflop_rst.vhd
/home/lp19.17/Desktop/LeNet5/VHDL/LeNet5/src/VHDL_Conv2/mux14to1_nbit.vhd
/home/lp19.17/Desktop/LeNet5/VHDL/LeNet5/src/VHDL_Conv2/one_hot_dec.vhd
/home/lp19.17/Desktop/LeNet5/VHDL/LeNet5/src/VHDL_Conv2/pooling_comparator.vhd
/home/lp19.17/Desktop/LeNet5/VHDL/LeNet5/src/VHDL_Conv2/pooling_layer4_cu.vhd
/home/lp19.17/Desktop/LeNet5/VHDL/LeNet5/src/VHDL_Conv2/pooling_layer4_dp.vhd
/home/lp19.17/Desktop/LeNet5/VHDL/LeNet5/src/VHDL_Conv2/pooling_layer4.vhd
/home/lp19.17/Desktop/LeNet5/VHDL/LeNet5/src/VHDL_Conv2/register_file.vhd
/home/lp19.17/Desktop/LeNet5/VHDL/LeNet5/src/VHDL_Conv2/shift_reg_14xNbit.vhd
/home/lp19.17/Desktop/LeNet5/VHDL/LeNet5/src/VHDL_Conv2/shift_reg_5x14xNbit.vhd
/home/lp19.17/Desktop/LeNet5/VHDL/LeNet5/src/VHDL_FC1/CU_FC1.vhd
/home/lp19.17/Desktop/LeNet5/VHDL/LeNet5/src/VHDL_FC1/decode_3to5.vhd
/home/lp19.17/Desktop/LeNet5/VHDL/LeNet5/src/VHDL_FC1/FC1_top.vhd
/home/lp19.17/Desktop/LeNet5/VHDL/LeNet5/src/VHDL_FC1/Fully_connected_Layer_1.vhd
/home/lp19.17/Desktop/LeNet5/VHDL/LeNet5/src/VHDL_FC2/CU_FC2.vhd
/home/lp19.17/Desktop/LeNet5/VHDL/LeNet5/src/VHDL_FC2/decode_2to4.vhd
/home/lp19.17/Desktop/LeNet5/VHDL/LeNet5/src/VHDL_FC2/FC2_top.vhd
/home/lp19.17/Desktop/LeNet5/VHDL/LeNet5/src/VHDL_FC2/Fully_connected_Layer_2.vhd
/home/lp19.17/Desktop/LeNet5/VHDL/LeNet5/src/VHDL_FC3/CU_FC3.vhd
/home/lp19.17/Desktop/LeNet5/VHDL/LeNet5/src/VHDL_FC3/FC3_top.vhd
/home/lp19.17/Desktop/LeNet5/VHDL/LeNet5/src/VHDL_FC3/Fully_connected_Layer_3.vhd
/home/mg.lowpower/do/libnangate/NangateOpenCellLibrary_typical_ecsm.db
/software/synopsys/syn_current_64.18/libraries/syn/gtech.db
/software/synopsys/syn_current_64.18/libraries/syn/standard.sldb
/software/synopsys/syn_current_64.18/libraries/syn/dw_foundation.sldb
/home/mg.lowpower/do/libnangate/NangateOpenCellLibrary_typical_ecsm.db
/home/lp19.17/Desktop/LeNet5/VHDL/LeNet5/synt/alib-52/NangateOpenCellLibrary_typical_ecsm.db.alib
/home/mg.lowpower/do/libnangate/NangateOpenCellLibrary_typical_ecsm.db
/home/lp19.17/Desktop/LeNet5/VHDL/LeNet5/synt/alib-52/NangateOpenCellLibrary_typical_ecsm.db.alib
/home/lp19.17/synopsys_cache_O-2018.06-SP4/DW01/DW01_NAND2/str/NangateOpenCellLibrary_typical_ecsm_7321/element.ddc
